<?xml version="1.0" encoding="UTF-8"?>
<testsuite name="SILab2Test" tests="2" skipped="0" failures="0" errors="0" timestamp="2024-05-25T13:59:57" hostname="DESKTOP-SN8EGGE" time="0.05">
  <properties/>
  <testcase name="multipleConditionsTest()" classname="SILab2Test" time="0.04"/>
  <testcase name="everyBranchTest()" classname="SILab2Test" time="0.008"/>
  <system-out><![CDATA[]]></system-out>
  <system-err><![CDATA[]]></system-err>
</testsuite>
